c:\users\peter\source\repos\a_compiler\a_compiler\x64\debug\vc141.pdb
c:\users\peter\source\repos\a_compiler\a_compiler\x64\debug\vc141.idb
c:\users\peter\source\repos\a_compiler\a_compiler\x64\debug\token.obj
c:\users\peter\source\repos\a_compiler\a_compiler\x64\debug\lexer.obj
c:\users\peter\source\repos\a_compiler\a_compiler\x64\debug\main.obj
c:\users\peter\source\repos\a_compiler\a_compiler\x64\debug\file_reader.obj
c:\users\peter\source\repos\a_compiler\a_compiler\x64\debug\file_reader.obj.enc
c:\users\peter\source\repos\a_compiler\a_compiler\x64\debug\lexer.obj.enc
c:\users\peter\source\repos\a_compiler\x64\debug\a_compiler.pdb
c:\users\peter\source\repos\a_compiler\a_compiler\x64\debug\a_compiler.tlog\cl.command.1.tlog
c:\users\peter\source\repos\a_compiler\a_compiler\x64\debug\a_compiler.tlog\cl.read.1.tlog
c:\users\peter\source\repos\a_compiler\a_compiler\x64\debug\a_compiler.tlog\cl.write.1.tlog
c:\users\peter\source\repos\a_compiler\a_compiler\x64\debug\a_compiler.tlog\link.21376-cvtres.read.1.tlog
c:\users\peter\source\repos\a_compiler\a_compiler\x64\debug\a_compiler.tlog\link.21376-cvtres.write.1.tlog
c:\users\peter\source\repos\a_compiler\a_compiler\x64\debug\a_compiler.tlog\link.21376-rc.read.1.tlog
c:\users\peter\source\repos\a_compiler\a_compiler\x64\debug\a_compiler.tlog\link.21376-rc.write.1.tlog
c:\users\peter\source\repos\a_compiler\a_compiler\x64\debug\a_compiler.tlog\link.21376.read.1.tlog
c:\users\peter\source\repos\a_compiler\a_compiler\x64\debug\a_compiler.tlog\link.21376.write.1.tlog
c:\users\peter\source\repos\a_compiler\a_compiler\x64\debug\a_compiler.tlog\link.command.1.tlog
c:\users\peter\source\repos\a_compiler\a_compiler\x64\debug\a_compiler.tlog\link.read.1.tlog
c:\users\peter\source\repos\a_compiler\a_compiler\x64\debug\a_compiler.tlog\link.write.1.tlog
